<?xml version="1.0" encoding="UTF-8"?>
<!-- Generated by org.testng.reporters.JUnitReportReporter -->
<testsuite hostname="DESKTOP-11PI1N4" failures="0" tests="1" name="annotations.TestClass" time="0.041" errors="0" timestamp="2023-08-09T09:58:57 IST" skipped="0">
  <testcase classname="annotations.TestClass" name="test" time="0.041"/>
</testsuite> <!-- annotations.TestClass -->
