<?xml version="1.0" encoding="UTF-8"?>
<!-- Generated by org.testng.reporters.JUnitReportReporter -->
<testsuite hostname="DESKTOP-11PI1N4" failures="0" tests="5" name="testng.InvocationCountTest" time="0.017" errors="0" timestamp="2023-08-08T09:13:02 IST" skipped="0">
  <testcase classname="testng.InvocationCountTest" name="demo1" time="0.009">
    <system-out>
      <![CDATA[test1]]>
    </system-out>
  </testcase> <!-- demo1 -->
  <testcase classname="testng.InvocationCountTest" name="demo1" time="0.002">
    <system-out>
      <![CDATA[test1]]>
    </system-out>
  </testcase> <!-- demo1 -->
  <testcase classname="testng.InvocationCountTest" name="demo1" time="0.002">
    <system-out>
      <![CDATA[test1]]>
    </system-out>
  </testcase> <!-- demo1 -->
  <testcase classname="testng.InvocationCountTest" name="demo1" time="0.002">
    <system-out>
      <![CDATA[test1]]>
    </system-out>
  </testcase> <!-- demo1 -->
  <testcase classname="testng.InvocationCountTest" name="demo1" time="0.002">
    <system-out>
      <![CDATA[test1]]>
    </system-out>
  </testcase> <!-- demo1 -->
  <system-out>
    <![CDATA[test1
test1
test1
test1
test1]]>
  </system-out>
</testsuite> <!-- testng.InvocationCountTest -->
