<?xml version="1.0" encoding="UTF-8"?>
<!-- Generated by org.testng.reporters.JUnitReportReporter -->
<testsuite hostname="DESKTOP-11PI1N4" failures="0" tests="3" name="crossbrowserparallel.SwiggyTest" time="36.246" errors="0" timestamp="2023-08-11T09:08:27 IST" skipped="0">
  <testcase classname="crossbrowserparallel.SwiggyTest" name="swiggyTest" time="11.346"/>
  <testcase classname="crossbrowserparallel.SwiggyTest" name="swiggyTest" time="14.150"/>
  <testcase classname="crossbrowserparallel.SwiggyTest" name="swiggyTest" time="10.750"/>
</testsuite> <!-- crossbrowserparallel.SwiggyTest -->
