<?xml version="1.0" encoding="UTF-8"?>
<!-- Generated by org.testng.reporters.JUnitReportReporter -->
<testsuite hostname="DESKTOP-11PI1N4" failures="0" tests="1" name="vtigerFinalScripts.CreateOrganizationTest" time="40.162" errors="0" timestamp="2023-08-23T09:27:26 IST" skipped="0">
  <testcase classname="vtigerFinalScripts.CreateOrganizationTest" name="createOrgTest" time="40.162"/>
</testsuite> <!-- vtigerFinalScripts.CreateOrganizationTest -->
