<?xml version="1.0" encoding="UTF-8"?>
<!-- Generated by org.testng.reporters.JUnitReportReporter -->
<testsuite hostname="DESKTOP-11PI1N4" failures="0" tests="3" name="crossbrowserparallel.GoogleTest" time="16.840" errors="0" timestamp="2023-08-11T09:08:27 IST" skipped="0">
  <testcase classname="crossbrowserparallel.GoogleTest" name="googleTest" time="6.294"/>
  <testcase classname="crossbrowserparallel.GoogleTest" name="googleTest" time="4.303"/>
  <testcase classname="crossbrowserparallel.GoogleTest" name="googleTest" time="6.243"/>
</testsuite> <!-- crossbrowserparallel.GoogleTest -->
