<?xml version="1.0" encoding="UTF-8"?>
<!-- Generated by org.testng.reporters.JUnitReportReporter -->
<testsuite hostname="DESKTOP-11PI1N4" failures="0" tests="3" name="testng.prioritizingTests" time="0.013" errors="0" timestamp="2023-08-08T09:10:44 IST" skipped="0">
  <testcase classname="testng.prioritizingTests" name="test4" time="0.010">
    <system-out>
      <![CDATA[test4]]>
    </system-out>
  </testcase> <!-- test4 -->
  <testcase classname="testng.prioritizingTests" name="test1" time="0.001">
    <system-out>
      <![CDATA[test1]]>
    </system-out>
  </testcase> <!-- test1 -->
  <testcase classname="testng.prioritizingTests" name="test3" time="0.002">
    <system-out>
      <![CDATA[test3]]>
    </system-out>
  </testcase> <!-- test3 -->
  <system-out>
    <![CDATA[test4
test1
test3]]>
  </system-out>
</testsuite> <!-- testng.prioritizingTests -->
