<?xml version="1.0" encoding="UTF-8"?>
<!-- Generated by org.testng.reporters.JUnitReportReporter -->
<testsuite hostname="DESKTOP-11PI1N4" failures="0" tests="1" name="vtigerFinalScripts.CreateAndDuplicateLeadTest" time="99.829" errors="0" timestamp="2023-08-24T09:48:16 IST" skipped="0">
  <testcase classname="vtigerFinalScripts.CreateAndDuplicateLeadTest" name="createAndDuplicateLeadTest" time="99.829"/>
</testsuite> <!-- vtigerFinalScripts.CreateAndDuplicateLeadTest -->
