<?xml version="1.0" encoding="UTF-8"?>
<!-- Generated by org.testng.reporters.JUnitReportReporter -->
<testsuite hostname="DESKTOP-11PI1N4" failures="0" tests="1" name="testng.SampleTest" time="0.009" errors="0" timestamp="2023-08-08T08:28:21 IST" skipped="0">
  <testcase classname="testng.SampleTest" name="demo" time="0.009">
    <system-out>
      <![CDATA[Hello World!]]>
    </system-out>
  </testcase> <!-- demo -->
  <system-out>
    <![CDATA[Hello World!]]>
  </system-out>
</testsuite> <!-- testng.SampleTest -->
