<?xml version="1.0" encoding="UTF-8"?>
<!-- Generated by org.testng.reporters.JUnitReportReporter -->
<testsuite hostname="DESKTOP-11PI1N4" failures="0" tests="1" name="vtigerFinalScripts.CreateContactwithOrgTest" time="37.265" errors="0" timestamp="2023-08-24T09:07:30 IST" skipped="0">
  <testcase classname="vtigerFinalScripts.CreateContactwithOrgTest" name="createContactwithOrgTest" time="37.265"/>
</testsuite> <!-- vtigerFinalScripts.CreateContactwithOrgTest -->
