<?xml version="1.0" encoding="UTF-8"?>
<!-- Generated by org.testng.reporters.JUnitReportReporter -->
<testsuite hostname="DESKTOP-11PI1N4" failures="0" tests="1" name="vtigerFinalScripts.CreateLeadTest" time="26.746" errors="0" timestamp="2023-08-24T09:32:26 IST" skipped="0">
  <testcase classname="vtigerFinalScripts.CreateLeadTest" name="createLeadTest" time="26.746"/>
</testsuite> <!-- vtigerFinalScripts.CreateLeadTest -->
