<?xml version="1.0" encoding="UTF-8"?>
<!-- Generated by org.testng.reporters.JUnitReportReporter -->
<testsuite hostname="DESKTOP-11PI1N4" failures="0" tests="2" name="batchexecution.Test1" time="0.005" errors="0" timestamp="2023-08-10T10:08:20 IST" skipped="0">
  <testcase classname="batchexecution.Test1" name="demo2" time="0.001"/>
  <testcase classname="batchexecution.Test1" name="demo1" time="0.004"/>
</testsuite> <!-- batchexecution.Test1 -->
