<?xml version="1.0" encoding="UTF-8"?>
<!-- Generated by org.testng.reporters.JUnitReportReporter -->
<testsuite hostname="DESKTOP-11PI1N4" failures="0" tests="2" name="dataproviders.ActitimeLoginTest" time="30.857" errors="0" timestamp="2023-08-08T09:43:30 IST" skipped="0">
  <testcase classname="dataproviders.ActitimeLoginTest" name="actitimeLogin" time="14.933"/>
  <testcase classname="dataproviders.ActitimeLoginTest" name="actitimeLogin" time="15.924"/>
</testsuite> <!-- dataproviders.ActitimeLoginTest -->
