<?xml version="1.0" encoding="UTF-8"?>
<!-- Generated by org.testng.reporters.JUnitReportReporter -->
<testsuite hostname="DESKTOP-11PI1N4" failures="0" tests="1" name="vtigerFinalScripts.CreateContactTest" time="31.476" errors="0" timestamp="2023-08-24T08:32:24 IST" skipped="0">
  <testcase classname="vtigerFinalScripts.CreateContactTest" name="createContactTest" time="31.476"/>
</testsuite> <!-- vtigerFinalScripts.CreateContactTest -->
