<?xml version="1.0" encoding="UTF-8"?>
<!-- Generated by org.testng.reporters.JUnitReportReporter -->
<testsuite hostname="DESKTOP-11PI1N4" failures="0" tests="1" name="testng.XMLParameterization" time="15.646" errors="0" timestamp="2023-08-11T09:49:09 IST" skipped="0">
  <testcase classname="testng.XMLParameterization" name="vtigerLoginTest" time="15.646"/>
</testsuite> <!-- testng.XMLParameterization -->
