<?xml version="1.0" encoding="UTF-8"?>
<!-- Generated by org.testng.reporters.JUnitReportReporter -->
<testsuite hostname="DESKTOP-11PI1N4" failures="0" tests="1" name="seleniumgrid.PracticeTest" time="10.851" errors="0" timestamp="2023-08-15T09:07:14 IST" skipped="0">
  <testcase classname="seleniumgrid.PracticeTest" name="googleTest" time="10.851"/>
</testsuite> <!-- seleniumgrid.PracticeTest -->
