<?xml version="1.0" encoding="UTF-8"?>
<!-- Generated by org.testng.reporters.JUnitReportReporter -->
<testsuite hostname="DESKTOP-11PI1N4" failures="0" tests="2" name="groupexecution.Test1" time="0.010" errors="0" timestamp="2023-08-18T08:58:04 IST" skipped="0">
  <testcase classname="groupexecution.Test1" name="demo2" time="0.009"/>
  <testcase classname="groupexecution.Test1" name="demo3" time="0.001"/>
</testsuite> <!-- groupexecution.Test1 -->
